# time   E-components   B-components   kinetic-energy   momentum-components gauss-error
0 0.497151 0 6.26259 9.99417 0.494145
0.02 0.497055 0 6.2635 9.99486 0.494241
0.04 0.496664 0 6.26629 9.99712 0.494334
0.06 0.49598 0 6.27091 10.0009 0.494426
0.08 0.495008 0 6.27737 10.0062 0.494517
0.1 0.493745 0 6.28562 10.013 0.494613
0.12 0.492189 0 6.29572 10.0213 0.494712
0.14 0.490343 0 6.30764 10.0312 0.494817
0.16 0.488214 0 6.32138 10.0424 0.494926
0.18 0.485808 0 6.33685 10.0551 0.495045
0.2 0.483129 0 6.35405 10.0692 0.49517
0.22 0.480178 0 6.37294 10.0845 0.495308
0.24 0.476957 0 6.39354 10.1013 0.495465
0.26 0.47348 0 6.4158 10.1194 0.495644
0.28 0.469755 0 6.43959 10.1389 0.495836
0.3 0.465782 0 6.46496 10.1596 0.496056
0.32 0.461569 0 6.49184 10.1815 0.496319
0.34 0.457126 0 6.52019 10.2045 0.496641
0.36 0.452457 0 6.54995 10.2286 0.496994
0.38 0.447569 0 6.58111 10.2537 0.497376
0.4 0.442473 0 6.61359 10.2798 0.497754
0.42 0.43718 0 6.64734 10.3069 0.498167
0.44 0.431703 0 6.68226 10.3349 0.498657
0.46 0.426052 0 6.71829 10.3639 0.499212
0.48 0.420237 0 6.75536 10.3937 0.499843
0.5 0.414266 0 6.79343 10.4242 0.500529
0.52 0.408146 0 6.83243 10.4555 0.501301
0.54 0.401887 0 6.87232 10.4875 0.5022
0.56 0.395498 0 6.91303 10.52 0.503142
0.58 0.38899 0 6.95452 10.5532 0.504245
0.6 0.382372 0 6.9967 10.5868 0.505499
0.62 0.37566 0 7.03952 10.621 0.506874
0.64 0.368866 0 7.08286 10.6554 0.508386
0.66 0.361997 0 7.12666 10.6902 0.509996
0.68 0.355065 0 7.17089 10.7253 0.511809
0.7 0.348079 0 7.21547 10.7606 0.513793
0.72 0.341051 0 7.26032 10.7963 0.515904
0.74 0.333988 0 7.30539 10.8321 0.518251
0.76 0.326902 0 7.35064 10.8681 0.520736
0.78 0.319803 0 7.39596 10.9043 0.523488
0.8 0.312698 0 7.44133 10.9404 0.526581
0.82 0.305599 0 7.48669 10.9765 0.529861
0.84 0.298519 0 7.53194 11.0125 0.533341
0.86 0.291467 0 7.57702 11.0484 0.536983
0.88 0.28445 0 7.62188 11.0841 0.540681
0.9 0.277477 0 7.66649 11.1197 0.544488
0.92 0.270557 0 7.71075 11.155 0.548307
0.94 0.263699 0 7.75465 11.1901 0.55231
0.96 0.25691 0 7.7981 11.2248 0.556239
0.98 0.250196 0 7.84109 11.2592 0.560379
1 0.24356 0 7.88357 11.2932 0.564699
1.02 0.237012 0 7.92553 11.3269 0.568858
1.04 0.230559 0 7.96688 11.3601 0.572824
1.06 0.224204 0 8.00761 11.3929 0.576848
1.08 0.217954 0 8.04769 11.4251 0.581089
1.1 0.211812 0 8.08707 11.4569 0.585445
1.12 0.205785 0 8.12574 11.4881 0.589952
1.14 0.199877 0 8.16366 11.5188 0.594696
1.16 0.194088 0 8.20081 11.5489 0.5999
1.18 0.188422 0 8.2372 11.5785 0.605364
1.2 0.182883 0 8.27277 11.6075 0.611135
1.22 0.177472 0 8.30754 11.6359 0.617104
1.24 0.172192 0 8.34147 11.6637 0.623319
1.26 0.167044 0 8.37457 11.6909 0.62937
1.28 0.162031 0 8.40681 11.7174 0.635481
1.3 0.157152 0 8.43819 11.7434 0.641637
1.32 0.152407 0 8.46872 11.7687 0.647599
1.34 0.147797 0 8.49839 11.7934 0.653425
1.36 0.143322 0 8.52721 11.8175 0.659265
1.38 0.138979 0 8.55516 11.841 0.665152
1.4 0.134768 0 8.58228 11.8638 0.670744
1.42 0.130686 0 8.60857 11.8861 0.676203
1.44 0.12673 0 8.63405 11.9078 0.681779
1.46 0.122903 0 8.65873 11.929 0.68758
1.48 0.119204 0 8.68258 11.9496 0.693225
1.5 0.11563 0 8.70562 11.9696 0.69887
1.52 0.112176 0 8.72789 11.989 0.704168
1.54 0.108841 0 8.74941 12.0078 0.709559
1.56 0.105625 0 8.77017 12.0261 0.714856
1.58 0.102524 0 8.79018 12.0438 0.719972
1.6 0.0995345 0 8.80948 12.061 0.725036
1.62 0.0966531 0 8.82807 12.0777 0.730166
1.64 0.0938758 0 8.846 12.0939 0.735133
1.66 0.0912024 0 8.86328 12.1097 0.740243
1.68 0.0886303 0 8.87989 12.1249 0.745587
1.7 0.0861551 0 8.89588 12.1396 0.751045
1.72 0.0837753 0 8.91126 12.154 0.756479
1.74 0.0814886 0 8.92605 12.1678 0.76149
1.76 0.0792923 0 8.94025 12.1813 0.766283
1.78 0.0771842 0 8.95389 12.1943 0.770583
1.8 0.0751594 0 8.96698 12.2069 0.774412
1.82 0.0732144 0 8.97956 12.2191 0.777787
1.84 0.0713474 0 8.99164 12.231 0.780941
1.86 0.0695553 0 9.00323 12.2425 0.783877
1.88 0.0678355 0 9.01436 12.2536 0.786854
1.9 0.0661862 0 9.02504 12.2644 0.789867
1.92 0.0646065 0 9.03528 12.2749 0.792697
1.94 0.0630966 0 9.04508 12.285 0.794895
1.96 0.0616543 0 9.05444 12.2948 0.797312
1.98 0.0602765 0 9.06338 12.3043 0.799456
2 0.058963 0 9.07192 12.3136 0.801274
2.02 0.0577123 0 9.08005 12.3225 0.803283
2.04 0.0565212 0 9.0878 12.3312 0.804675
2.06 0.0553882 0 9.09518 12.3396 0.805779
2.08 0.0543125 0 9.10219 12.3478 0.806313
2.1 0.0532909 0 9.10885 12.3556 0.806829
2.12 0.0523227 0 9.11518 12.3633 0.807107
2.14 0.0514089 0 9.12116 12.3707 0.807288
2.16 0.0505489 0 9.1268 12.3779 0.807456
2.18 0.0497444 0 9.13211 12.3848 0.807656
2.2 0.048996 0 9.13705 12.3915 0.807793
2.22 0.0483037 0 9.14164 12.3979 0.807685
2.24 0.047668 0 9.14588 12.4042 0.807291
2.26 0.0470881 0 9.14976 12.4102 0.806555
2.28 0.0465624 0 9.1533 12.416 0.805394
2.3 0.0460912 0 9.15649 12.4215 0.803979
2.32 0.0456758 0 9.15935 12.4268 0.802438
2.34 0.0453159 0 9.16184 12.4319 0.800964
2.36 0.0450115 0 9.16399 12.4368 0.799342
2.38 0.0447639 0 9.16579 12.4414 0.797482
2.4 0.0445749 0 9.16723 12.4458 0.795349
2.42 0.0444465 0 9.16829 12.45 0.793042
2.44 0.0443787 0 9.16897 12.4539 0.791007
2.46 0.0443721 0 9.16927 12.4575 0.788918
2.48 0.0444281 0 9.16917 12.4609 0.786832
2.5 0.0445462 0 9.16869 12.4641 0.7847
2.52 0.044727 0 9.16782 12.4669 0.782762
2.54 0.0449705 0 9.16655 12.4696 0.781039
2.56 0.045277 0 9.16489 12.4719 0.779117
2.58 0.0456487 0 9.16283 12.474 0.777042
2.6 0.0460872 0 9.16036 12.4759 0.775106
2.62 0.0465932 0 9.15746 12.4774 0.773558
2.64 0.0471674 0 9.15414 12.4787 0.771594
2.66 0.0478099 0 9.1504 12.4797 0.769282
2.68 0.0485204 0 9.14622 12.4804 0.766922
2.7 0.0492995 0 9.14162 12.4808 0.764374
2.72 0.0501481 0 9.13659 12.4809 0.761701
2.74 0.0510658 0 9.13113 12.4807 0.759087
2.76 0.0520535 0 9.12523 12.4803 0.756433
2.78 0.0531135 0 9.11889 12.4795 0.75384
2.8 0.0542464 0 9.1121 12.4783 0.751362
2.82 0.055452 0 9.10485 12.4769 0.748693
2.84 0.0567296 0 9.09714 12.4752 0.746043
2.86 0.0580784 0 9.08899 12.4731 0.743373
2.88 0.0594984 0 9.0804 12.4707 0.740693
2.9 0.0609893 0 9.07137 12.4679 0.738071
2.92 0.0625515 0 9.0619 12.4648 0.735362
2.94 0.0641847 0 9.05197 12.4614 0.732601
2.96 0.0658861 0 9.04162 12.4577 0.72982
2.98 0.0676563 0 9.03085 12.4536 0.726981
3 0.0694952 0 9.01964 12.4491 0.724143
3.02 0.0714014 0 9.00801 12.4444 0.720863
3.04 0.0733742 0 8.99597 12.4392 0.717012
3.06 0.0754131 0 8.98352 12.4337 0.713257
3.08 0.0775173 0 8.97065 12.4279 0.709449
3.1 0.0796851 0 8.95739 12.4218 0.705562
3.12 0.0819157 0 8.94373 12.4153 0.701692
3.14 0.0842076 0 8.9297 12.4085 0.697851
3.16 0.086559 0 8.91528 12.4013 0.694036
3.18 0.0889674 0 8.90051 12.3938 0.690115
3.2 0.0914313 0 8.88539 12.3859 0.686386
3.22 0.0939486 0 8.86994 12.3777 0.683082
3.24 0.0965173 0 8.85416 12.3691 0.680027
3.26 0.0991366 0 8.83807 12.3602 0.677013
3.28 0.101806 0 8.82167 12.3509 0.673892
3.3 0.104521 0 8.80497 12.3413 0.670662
3.32 0.10728 0 8.788 12.3314 0.667528
3.34 0.110078 0 8.77077 12.3211 0.664377
3.36 0.112912 0 8.75332 12.3105 0.661018
3.38 0.115782 0 8.73564 12.2996 0.657409
3.4 0.118683 0 8.71777 12.2884 0.653923
3.42 0.121616 0 8.69971 12.2769 0.650514
3.44 0.124579 0 8.68145 12.265 0.647356
3.46 0.127569 0 8.66303 12.2529 0.644557
3.48 0.130584 0 8.64444 12.2404 0.641875
3.5 0.133618 0 8.62573 12.2277 0.639281
3.52 0.136667 0 8.60692 12.2147 0.636701
3.54 0.139727 0 8.58802 12.2015 0.634005
3.56 0.142797 0 8.56908 12.1879 0.631388
3.58 0.145876 0 8.55009 12.1742 0.628743
3.6 0.148962 0 8.53104 12.1601 0.626315
3.62 0.152048 0 8.51199 12.1458 0.62412
3.64 0.155133 0 8.49294 12.1313 0.621998
3.66 0.158214 0 8.47392 12.1166 0.619735
3.68 0.161289 0 8.45493 12.1016 0.617366
3.7 0.164351 0 8.43601 12.0865 0.615165
3.72 0.167398 0 8.41719 12.0712 0.612897
3.74 0.170428 0 8.39847 12.0557 0.610515
3.76 0.173435 0 8.37988 12.0401 0.608383
3.78 0.176417 0 8.36147 12.0244 0.606262
3.8 0.179374 0 8.34321 12.0085 0.604054
3.82 0.182301 0 8.32513 11.9925 0.602057
3.84 0.185194 0 8.30726 11.9764 0.600132
3.86 0.188051 0 8.28961 11.9602 0.598197
3.88 0.19087 0 8.2722 11.944 0.596579
3.9 0.193649 0 8.25505 11.9276 0.594968
3.92 0.196385 0 8.23816 11.9112 0.593319
3.94 0.199074 0 8.22155 11.8947 0.591444
3.96 0.201714 0 8.20526 11.8781 0.589508
3.98 0.204301 0 8.1893 11.8616 0.587556
4 0.206834 0 8.17368 11.8449 0.58555
4.02 0.209312 0 8.1584 11.8283 0.583622
4.04 0.211735 0 8.14348 11.8117 0.581736
4.06 0.214101 0 8.12892 11.795 0.579807
4.08 0.216406 0 8.11472 11.7784 0.578023
4.1 0.218645 0 8.10093 11.7619 0.576315
4.12 0.220818 0 8.08757 11.7454 0.574702
4.14 0.222923 0 8.07461 11.729 0.573257
4.16 0.224954 0 8.06212 11.7126 0.571913
4.18 0.226913 0 8.0501 11.6963 0.570733
4.2 0.228796 0 8.03854 11.6801 0.569727
4.22 0.230605 0 8.02746 11.6641 0.568792
4.24 0.232337 0 8.01685 11.6481 0.567991
4.26 0.233991 0 8.00674 11.6324 0.567461
4.28 0.235568 0 7.99712 11.6167 0.56678
4.3 0.237068 0 7.98798 11.6013 0.5662
4.32 0.238487 0 7.97935 11.5861 0.565547
4.34 0.239825 0 7.97122 11.571 0.564834
4.36 0.24108 0 7.96361 11.5562 0.564168
4.38 0.242254 0 7.95653 11.5416 0.563596
4.4 0.243347 0 7.94995 11.5273 0.563192
4.42 0.244356 0 7.94389 11.5131 0.562955
4.44 0.24528 0 7.93837 11.4992 0.562631
4.46 0.246123 0 7.93338 11.4856 0.562395
4.48 0.246886 0 7.92888 11.4723 0.562259
4.5 0.247568 0 7.9249 11.4592 0.562048
4.52 0.248167 0 7.92143 11.4464 0.561841
4.54 0.248686 0 7.91848 11.4339 0.561796
4.56 0.249123 0 7.91603 11.4218 0.561853
4.58 0.249478 0 7.9141 11.4099 0.561878
4.6 0.249754 0 7.91269 11.3985 0.5618
4.62 0.249953 0 7.91175 11.3874 0.561801
4.64 0.250077 0 7.9113 11.3766 0.561877
4.66 0.250128 0 7.91131 11.366 0.561815
4.68 0.250103 0 7.91179 11.3559 0.561707
4.7 0.250003 0 7.91274 11.346 0.561473
4.72 0.249828 0 7.91417 11.3366 0.561458
4.74 0.249579 0 7.91606 11.3276 0.56158
4.76 0.249258 0 7.91841 11.3189 0.561819
4.78 0.248867 0 7.92122 11.3106 0.562196
4.8 0.24841 0 7.92443 11.3027 0.562673
4.82 0.247884 0 7.92808 11.2952 0.563197
4.84 0.247296 0 7.93214 11.288 0.563746
4.86 0.246647 0 7.93658 11.2812 0.564296
4.88 0.245938 0 7.9414 11.2747 0.564873
4.9 0.245169 0 7.94659 11.2686 0.565247
4.92 0.244342 0 7.95216 11.2628 0.565614
4.94 0.243461 0 7.95808 11.2574 0.565993
4.96 0.24253 0 7.96432 11.2524 0.566407
4.98 0.24155 0 7.97087 11.2477 0.566837
5 0.240521 0 7.97772 11.2434 0.567207
5.02 0.239442 0 7.98488 11.2394 0.567402
5.04 0.238317 0 7.99234 11.2358 0.567523
5.06 0.237149 0 8.00008 11.2326 0.567654
5.08 0.235942 0 8.00808 11.2297 0.567933
5.1 0.234698 0 8.01631 11.2272 0.568128
5.12 0.233416 0 8.02477 11.225 0.56822
5.14 0.232099 0 8.03346 11.2232 0.568341
5.16 0.230747 0 8.04236 11.2218 0.568597
5.18 0.229362 0 8.05148 11.2207 0.568922
5.2 0.227947 0 8.0608 11.22 0.569345
5.22 0.226503 0 8.07029 11.2197 0.569862
5.24 0.225033 0 8.07996 11.2197 0.570382
5.26 0.223541 0 8.08978 11.22 0.570945
5.28 0.222032 0 8.09971 11.2207 0.571522
5.3 0.220507 0 8.10974 11.2217 0.572121
5.32 0.218962 0 8.11988 11.2231 0.572857
5.34 0.217401 0 8.13014 11.2247 0.573655
5.36 0.21583 0 8.14047 11.2266 0.574326
5.38 0.214249 0 8.15086 11.2288 0.575122
5.4 0.21266 0 8.1613 11.2312 0.575796
5.42 0.211065 0 8.17179 11.2338 0.576427
5.44 0.209465 0 8.1823 11.2367 0.577054
5.46 0.20786 0 8.19284 11.2397 0.577835
5.48 0.206252 0 8.20341 11.2431 0.578568
5.5 0.204639 0 8.21399 11.2466 0.579259
5.52 0.203026 0 8.2246 11.2503 0.580097
5.54 0.201414 0 8.23519 11.2542 0.580843
5.56 0.199809 0 8.24576 11.2583 0.581537
5.58 0.19821 0 8.25628 11.2627 0.582221
5.6 0.196619 0 8.26675 11.2673 0.582743
5.62 0.195035 0 8.27717 11.272 0.583278
5.64 0.193458 0 8.28756 11.277 0.584089
5.66 0.191891 0 8.29788 11.2821 0.584998
5.68 0.190336 0 8.30812 11.2874 0.58578
5.7 0.188795 0 8.31829 11.2929 0.586414
5.72 0.187271 0 8.32835 11.2985 0.58684
5.74 0.185765 0 8.33829 11.3043 0.5871
5.76 0.184276 0 8.34814 11.3101 0.587299
5.78 0.182805 0 8.35786 11.316 0.587494
5.8 0.181351 0 8.36747 11.3221 0.587603
5.82 0.179916 0 8.37696 11.3282 0.587905
5.84 0.178501 0 8.38634 11.3345 0.588279
5.86 0.177106 0 8.39557 11.3408 0.588621
5.88 0.175734 0 8.40468 11.3471 0.589137
5.9 0.174385 0 8.41363 11.3535 0.589731
5.92 0.173058 0 8.42244 11.3601 0.590437
5.94 0.171753 0 8.43112 11.3667 0.590907
5.96 0.170472 0 8.43964 11.3733 0.591444
5.98 0.169216 0 8.44801 11.38 0.591543
6 0.167986 0 8.45622 11.3867 0.591657
6.02 0.166781 0 8.46426 11.3935 0.591845
6.04 0.165602 0 8.47214 11.4003 0.59217
6.06 0.16445 0 8.47986 11.4071 0.592466
6.08 0.163325 0 8.48739 11.4139 0.592905
6.1 0.162224 0 8.49476 11.4206 0.593335
6.12 0.161149 0 8.50199 11.4274 0.593724
6.14 0.160103 0 8.50904 11.4342 0.594234
6.16 0.159087 0 8.51589 11.441 0.594798
6.18 0.158098 0 8.52256 11.4478 0.595335
6.2 0.157137 0 8.52907 11.4546 0.596015
6.22 0.156203 0 8.53539 11.4614 0.596862
6.24 0.155296 0 8.54155 11.4683 0.597568
6.26 0.154418 0 8.54753 11.4751 0.598293
6.28 0.153568 0 8.55332 11.4819 0.598974
6.3 0.152746 0 8.55894 11.4886 0.599775
6.32 0.151952 0 8.56439 11.4954 0.600819
6.34 0.151189 0 8.56964 11.5021 0.60207
6.36 0.150451 0 8.57471 11.5089 0.603597
6.38 0.14974 0 8.57963 11.5156 0.605099
6.4 0.149055 0 8.58437 11.5223 0.606639
6.42 0.148398 0 8.58894 11.529 0.608133
6.44 0.147768 0 8.59335 11.5356 0.609455
6.46 0.147166 0 8.59758 11.5422 0.610377
6.48 0.14659 0 8.60162 11.5487 0.611231
6.5 0.146042 0 8.60552 11.5551 0.612284
6.52 0.145522 0 8.60922 11.5616 0.613965
6.54 0.145027 0 8.61276 11.5679 0.615636
6.56 0.144557 0 8.61614 11.5743 0.617457
6.58 0.144113 0 8.61937 11.5806 0.619355
6.6 0.143696 0 8.62242 11.5868 0.62124
6.62 0.143303 0 8.6253 11.5929 0.623004
6.64 0.142934 0 8.62805 11.599 0.624781
6.66 0.142589 0 8.63064 11.6049 0.626855
6.68 0.142269 0 8.63308 11.6109 0.62937
6.7 0.141974 0 8.63536 11.6167 0.632054
6.72 0.141705 0 8.63747 11.6225 0.634517
6.74 0.141462 0 8.63943 11.6282 0.636825
6.76 0.141243 0 8.64122 11.6338 0.638731
6.78 0.14105 0 8.64286 11.6393 0.640454
6.8 0.140879 0 8.64434 11.6447 0.642449
6.82 0.140729 0 8.64568 11.6501 0.644725
6.84 0.140599 0 8.6469 11.6554 0.646922
6.86 0.14049 0 8.64801 11.6606 0.649099
6.88 0.140407 0 8.64895 11.6658 0.651075
6.9 0.140347 0 8.64974 11.6708 0.653227
6.92 0.140309 0 8.65038 11.6758 0.655377
6.94 0.14029 0 8.6509 11.6808 0.657344
6.96 0.140291 0 8.65129 11.6856 0.658987
6.98 0.140311 0 8.65157 11.6904 0.660176
7 0.140351 0 8.65171 11.6951 0.661403
7.02 0.140409 0 8.65175 11.6997 0.662897
7.04 0.140489 0 8.65166 11.7042 0.664723
7.06 0.140589 0 8.65143 11.7086 0.666546
7.08 0.140711 0 8.65107 11.7129 0.667994
7.1 0.140853 0 8.65057 11.7171 0.66948
7.12 0.141013 0 8.64996 11.7213 0.670815
7.14 0.14119 0 8.64924 11.7253 0.672348
7.16 0.141381 0 8.64841 11.7293 0.673943
7.18 0.141585 0 8.64751 11.7332 0.675536
7.2 0.141804 0 8.64653 11.737 0.676933
7.22 0.142043 0 8.64543 11.7408 0.678468
7.24 0.142302 0 8.6442 11.7444 0.680141
7.26 0.142578 0 8.64285 11.7479 0.682021
7.28 0.142866 0 8.64141 11.7514 0.683771
7.3 0.143168 0 8.6399 11.7547 0.685478
7.32 0.143484 0 8.6383 11.758 0.687047
7.34 0.143813 0 8.63661 11.7611 0.688611
7.36 0.144155 0 8.63483 11.7641 0.689918
7.38 0.144509 0 8.633 11.7671 0.69124
7.4 0.144877 0 8.63106 11.77 0.692816
7.42 0.145255 0 8.62904 11.7727 0.694607
7.44 0.145641 0 8.62699 11.7754 0.696334
7.46 0.146039 0 8.62487 11.778 0.697816
7.48 0.146449 0 8.62267 11.7805 0.698913
7.5 0.146871 0 8.6204 11.783 0.700263
7.52 0.147303 0 8.61805 11.7854 0.701838
7.54 0.147744 0 8.61564 11.7876 0.703588
7.56 0.148194 0 8.61318 11.7898 0.705207
7.58 0.148651 0 8.61068 11.7919 0.706703
7.6 0.149117 0 8.60812 11.7939 0.708312
7.62 0.14959 0 8.6055 11.7959 0.71046
7.64 0.150066 0 8.60286 11.7977 0.713032
7.66 0.150546 0 8.6002 11.7995 0.715454
7.68 0.151032 0 8.59751 11.8013 0.717897
7.7 0.151526 0 8.59477 11.8029 0.720066
7.72 0.152024 0 8.59199 11.8045 0.721992
7.74 0.152525 0 8.5892 11.806 0.724078
7.76 0.153031 0 8.58638 11.8074 0.725717
7.78 0.153543 0 8.58352 11.8088 0.726874
7.8 0.154057 0 8.58063 11.8101 0.727834
7.82 0.154571 0 8.57774 11.8113 0.728087
7.84 0.155086 0 8.57485 11.8125 0.728177
7.86 0.155602 0 8.57196 11.8136 0.72823
7.88 0.156123 0 8.56905 11.8147 0.728146
7.9 0.156646 0 8.56611 11.8156 0.728124
7.92 0.157169 0 8.56316 11.8165 0.728051
7.94 0.15769 0 8.56023 11.8173 0.728101
7.96 0.158209 0 8.5573 11.8181 0.72801
7.98 0.158727 0 8.5544 11.8188 0.727722
8 0.159244 0 8.55149 11.8194 0.727356
8.02 0.159761 0 8.54858 11.82 0.726602
8.04 0.160277 0 8.54569 11.8206 0.725576
8.06 0.160791 0 8.54279 11.8211 0.72443
8.08 0.161303 0 8.53992 11.8216 0.723009
8.1 0.161814 0 8.53705 11.822 0.721738
8.12 0.162322 0 8.53419 11.8223 0.720378
8.14 0.162822 0 8.53137 11.8226 0.7185
8.16 0.163318 0 8.52859 11.8229 0.716662
8.18 0.163808 0 8.52583 11.8231 0.714843
8.2 0.164292 0 8.52313 11.8234 0.713282
8.22 0.164774 0 8.52044 11.8235 0.712064
8.24 0.165252 0 8.51777 11.8237 0.711409
8.26 0.165723 0 8.51513 11.8238 0.711258
8.28 0.166191 0 8.51253 11.8239 0.711365
8.3 0.166654 0 8.50995 11.824 0.711652
8.32 0.167111 0 8.5074 11.824 0.711642
8.34 0.167562 0 8.5049 11.8241 0.71206
8.36 0.168008 0 8.50244 11.8241 0.712822
8.38 0.168448 0 8.49999 11.8241 0.713954
8.4 0.168881 0 8.49761 11.824 0.715025
8.42 0.169311 0 8.49524 11.8239 0.715799
8.44 0.169737 0 8.4929 11.8238 0.716588
8.46 0.170158 0 8.49058 11.8236 0.716765
8.48 0.170575 0 8.48831 11.8234 0.71687
8.5 0.170985 0 8.48605 11.8232 0.717038
8.52 0.171388 0 8.48385 11.8229 0.717241
8.54 0.171785 0 8.48168 11.8226 0.717354
8.56 0.172173 0 8.47956 11.8223 0.717077
8.58 0.172554 0 8.47749 11.822 0.716626
8.6 0.172927 0 8.47547 11.8217 0.716058
8.62 0.173295 0 8.47351 11.8214 0.714976
8.64 0.17366 0 8.47155 11.821 0.713526
8.66 0.174018 0 8.46962 11.8206 0.71214
8.68 0.174369 0 8.46774 11.8202 0.71056
8.7 0.174713 0 8.46591 11.8198 0.708624
8.72 0.17505 0 8.46411 11.8193 0.706471
8.74 0.175381 0 8.46237 11.8188 0.704306
8.76 0.175707 0 8.46066 11.8183 0.702307
8.78 0.176026 0 8.45897 11.8177 0.700406
8.8 0.176339 0 8.45735 11.8171 0.69845
8.82 0.176647 0 8.45574 11.8165 0.6966
8.84 0.176949 0 8.45418 11.8159 0.695074
8.86 0.177246 0 8.45265 11.8153 0.693757
8.88 0.177539 0 8.45114 11.8146 0.692782
8.9 0.177824 0 8.44967 11.814 0.691354
8.92 0.178104 0 8.44825 11.8133 0.689613
8.94 0.178374 0 8.44686 11.8126 0.687994
8.96 0.178636 0 8.44555 11.8119 0.686209
8.98 0.178896 0 8.44426 11.8113 0.684171
9 0.17915 0 8.443 11.8105 0.682114
9.02 0.179398 0 8.44177 11.8098 0.680073
9.04 0.17964 0 8.44058 11.809 0.678074
9.06 0.179877 0 8.43943 11.8082 0.675577
9.08 0.180106 0 8.43831 11.8073 0.672745
9.1 0.18033 0 8.43725 11.8065 0.670299
9.12 0.180553 0 8.4362 11.8056 0.667631
9.14 0.180772 0 8.43515 11.8047 0.664924
9.16 0.180985 0 8.43415 11.8038 0.662665
9.18 0.181192 0 8.43318 11.8029 0.660857
9.2 0.181389 0 8.43226 11.8019 0.659456
9.22 0.181578 0 8.43141 11.801 0.658396
9.24 0.181764 0 8.43059 11.7999 0.657455
9.26 0.181946 0 8.42978 11.7989 0.656698
9.28 0.182125 0 8.42901 11.7978 0.656279
9.3 0.182301 0 8.42825 11.7966 0.656215
9.32 0.182473 0 8.42751 11.7954 0.656229
9.34 0.182641 0 8.4268 11.7942 0.656141
9.36 0.182807 0 8.42611 11.793 0.655389
9.38 0.182971 0 8.42542 11.7918 0.654428
9.4 0.183131 0 8.42477 11.7905 0.653255
9.42 0.183288 0 8.42413 11.7892 0.651967
9.44 0.183442 0 8.42351 11.7879 0.650777
9.46 0.183594 0 8.42291 11.7865 0.649522
9.48 0.183741 0 8.42233 11.785 0.648229
9.5 0.183887 0 8.42177 11.7835 0.646823
9.52 0.184029 0 8.42122 11.782 0.645469
9.54 0.184167 0 8.4207 11.7804 0.64424
9.56 0.184302 0 8.42021 11.7788 0.643243
9.58 0.184434 0 8.41973 11.7771 0.642409
9.6 0.184564 0 8.41928 11.7754 0.641482
9.62 0.184694 0 8.41883 11.7736 0.640474
9.64 0.184823 0 8.41838 11.7717 0.639251
9.66 0.184952 0 8.41793 11.7697 0.637856
9.68 0.185078 0 8.41749 11.7677 0.636682
9.7 0.185202 0 8.41708 11.7656 0.635337
9.72 0.185325 0 8.41667 11.7634 0.633774
9.74 0.185447 0 8.41626 11.7612 0.632451
9.76 0.185571 0 8.41587 11.7589 0.631339
9.78 0.185693 0 8.41545 11.7565 0.630323
9.8 0.185808 0 8.41508 11.7542 0.62927
9.82 0.185921 0 8.41474 11.7517 0.628107
9.84 0.186032 0 8.41441 11.7493 0.626708
9.86 0.186143 0 8.41408 11.7468 0.625708
9.88 0.186254 0 8.41376 11.7443 0.624636
9.9 0.186363 0 8.41344 11.7416 0.623578
9.92 0.186473 0 8.41314 11.7389 0.622606
9.94 0.186583 0 8.41281 11.7362 0.621587
9.96 0.186689 0 8.41251 11.7334 0.620613
9.98 0.186791 0 8.41224 11.7306 0.619553
10 0.186889 0 8.41198 11.7278 0.61863
10.02 0.186986 0 8.41176 11.7249 0.617632
10.04 0.187084 0 8.41153 11.722 0.61654
10.06 0.187181 0 8.4113 11.719 0.614987
10.08 0.187278 0 8.41108 11.716 0.613269
10.1 0.187374 0 8.41085 11.7128 0.611449
10.12 0.187468 0 8.41063 11.7097 0.609774
10.14 0.187558 0 8.41044 11.7065 0.60807
10.16 0.187645 0 8.41027 11.7032 0.606704
10.18 0.18773 0 8.41012 11.7 0.605539
10.2 0.187816 0 8.40998 11.6966 0.604604
10.22 0.187902 0 8.40982 11.6932 0.603794
10.24 0.187983 0 8.40968 11.6897 0.602734
10.26 0.18806 0 8.40958 11.6862 0.601684
10.28 0.188134 0 8.40949 11.6827 0.600627
10.3 0.188202 0 8.40944 11.6792 0.59975
10.32 0.188266 0 8.40943 11.6757 0.599009
10.34 0.188328 0 8.40942 11.6721 0.59847
10.36 0.188389 0 8.40944 11.6684 0.597968
10.38 0.188448 0 8.40945 11.6647 0.597795
10.4 0.188503 0 8.40949 11.661 0.59785
10.42 0.188555 0 8.40955 11.6574 0.59795
10.44 0.188602 0 8.40964 11.6537 0.597911
10.46 0.188644 0 8.40975 11.65 0.59764
10.48 0.188681 0 8.40991 11.6463 0.597198
10.5 0.188715 0 8.41009 11.6426 0.596816
10.52 0.188746 0 8.4103 11.639 0.5963
10.54 0.188775 0 8.41051 11.6354 0.595961
10.56 0.188798 0 8.41074 11.6318 0.595409
10.58 0.188817 0 8.41102 11.6282 0.594898
10.6 0.188833 0 8.41131 11.6246 0.594343
10.62 0.188841 0 8.41164 11.621 0.593927
10.64 0.188843 0 8.41202 11.6175 0.593508
10.66 0.188841 0 8.41243 11.6141 0.593013
10.68 0.188833 0 8.41287 11.6106 0.592562
10.7 0.188819 0 8.41335 11.6072 0.592196
10.72 0.188799 0 8.41387 11.6039 0.591796
10.74 0.188773 0 8.41442 11.6006 0.591522
10.76 0.188744 0 8.41501 11.5973 0.591162
10.78 0.188711 0 8.41561 11.5941 0.590626
10.8 0.188671 0 8.41625 11.5909 0.590058
10.82 0.188623 0 8.41695 11.5877 0.589393
10.84 0.188572 0 8.41767 11.5846 0.588709
10.86 0.188517 0 8.41842 11.5816 0.588107
10.88 0.188457 0 8.4192 11.5786 0.587581
10.9 0.188392 0 8.42 11.5757 0.587437
10.92 0.188317 0 8.42085 11.5728 0.587403
10.94 0.188235 0 8.42177 11.57 0.587099
10.96 0.188148 0 8.42272 11.5672 0.586948
10.98 0.188059 0 8.42369 11.5645 0.586959
11 0.187968 0 8.42468 11.5618 0.586956
11.02 0.187872 0 8.42567 11.5591 0.58695
11.04 0.18777 0 8.42672 11.5564 0.587033
11.06 0.187664 0 8.42779 11.5539 0.587265
11.08 0.18755 0 8.4289 11.5514 0.587535
11.1 0.18743 0 8.43005 11.5489 0.587719
11.12 0.187303 0 8.43126 11.5466 0.587909
11.14 0.187174 0 8.43248 11.5443 0.588027
11.16 0.187039 0 8.43373 11.5421 0.58819
11.18 0.186899 0 8.43501 11.54 0.588422
11.2 0.186751 0 8.43633 11.538 0.588849
11.22 0.186594 0 8.43771 11.5362 0.589186
11.24 0.18643 0 8.43915 11.5344 0.589458
11.26 0.186259 0 8.44063 11.5328 0.589637
11.28 0.186083 0 8.44214 11.5312 0.589895
11.3 0.185904 0 8.44368 11.5297 0.590374
11.32 0.185723 0 8.44523 11.5284 0.590863
11.34 0.185538 0 8.4468 11.5271 0.591321
11.36 0.185348 0 8.4484 11.5259 0.591498
11.38 0.185152 0 8.45003 11.5249 0.59169
11.4 0.184946 0 8.45171 11.524 0.59199
11.42 0.18473 0 8.45346 11.5232 0.592185
11.44 0.184508 0 8.45527 11.5226 0.592574
11.46 0.184284 0 8.4571 11.5221 0.593073
11.48 0.18406 0 8.45892 11.5217 0.593542
11.5 0.183832 0 8.46077 11.5214 0.594097
11.52 0.183603 0 8.46263 11.5212 0.59455
11.54 0.183373 0 8.46448 11.5211 0.595096
11.56 0.18314 0 8.46636 11.5212 0.59554
11.58 0.1829 0 8.46827 11.5213 0.595728
11.6 0.18265 0 8.47022 11.5216 0.595821
11.62 0.182391 0 8.47225 11.5219 0.595856
11.64 0.182127 0 8.47431 11.5225 0.595817
11.66 0.18186 0 8.47641 11.5231 0.595782
11.68 0.181591 0 8.47851 11.5238 0.595526
11.7 0.181324 0 8.48062 11.5247 0.595344
11.72 0.181056 0 8.48272 11.5256 0.595227
11.74 0.180783 0 8.48483 11.5266 0.595196
11.76 0.180505 0 8.48698 11.5277 0.595301
11.78 0.180219 0 8.48917 11.5289 0.595417
11.8 0.179928 0 8.49141 11.5303 0.595547
11.82 0.179634 0 8.49366 11.5317 0.595817
11.84 0.179338 0 8.49594 11.5332 0.59626
11.86 0.17904 0 8.49823 11.5347 0.596539
11.88 0.178739 0 8.50052 11.5364 0.596733
11.9 0.178435 0 8.50284 11.5381 0.596982
11.92 0.178129 0 8.50517 11.5399 0.597248
11.94 0.177823 0 8.50751 11.5418 0.597466
11.96 0.177518 0 8.50985 11.5438 0.597894
11.98 0.177214 0 8.51218 11.5459 0.598464
12 0.17691 0 8.5145 11.5481 0.598979
12.02 0.176603 0 8.51683 11.5504 0.599598
12.04 0.176293 0 8.51918 11.5528 0.600019
12.06 0.175983 0 8.52155 11.5552 0.600355
12.08 0.175669 0 8.52391 11.5577 0.600448
12.1 0.175348 0 8.52632 11.5603 0.600517
12.12 0.175025 0 8.52876 11.563 0.600555
12.14 0.174701 0 8.5312 11.5658 0.600664
12.16 0.174379 0 8.53364 11.5687 0.60089
12.18 0.174058 0 8.53608 11.5716 0.601269
12.2 0.173739 0 8.53849 11.5746 0.601346
12.22 0.173419 0 8.5409 11.5777 0.601293
12.24 0.173098 0 8.54333 11.5809 0.601463
12.26 0.17278 0 8.54574 11.5841 0.601566
12.28 0.172462 0 8.54814 11.5873 0.601836
12.3 0.172143 0 8.55055 11.5906 0.60258
12.32 0.171827 0 8.55295 11.5941 0.603651
12.34 0.171515 0 8.55533 11.5976 0.604571
12.36 0.171209 0 8.55768 11.6011 0.605191
12.38 0.170905 0 8.55999 11.6046 0.605904
12.4 0.170599 0 8.56231 11.6082 0.606843
12.42 0.170293 0 8.56463 11.6119 0.608038
12.44 0.169988 0 8.56695 11.6156 0.609258
12.46 0.169681 0 8.56927 11.6194 0.610397
12.48 0.169377 0 8.5716 11.6232 0.611567
12.5 0.169076 0 8.57389 11.627 0.612648
12.52 0.168777 0 8.57618 11.6309 0.613676
12.54 0.168484 0 8.57843 11.6348 0.614699
12.56 0.168196 0 8.58066 11.6387 0.615604
12.58 0.167913 0 8.58284 11.6426 0.616202
12.6 0.167632 0 8.58501 11.6465 0.616762
12.62 0.167353 0 8.58716 11.6504 0.617268
12.64 0.167077 0 8.5893 11.6544 0.617723
12.66 0.166805 0 8.59141 11.6583 0.618236
12.68 0.166538 0 8.5935 11.6622 0.618812
12.7 0.166278 0 8.59555 11.6662 0.619561
12.72 0.166022 0 8.59755 11.6701 0.620271
12.74 0.16577 0 8.59954 11.6741 0.621022
12.76 0.165522 0 8.6015 11.678 0.621765
12.78 0.16528 0 8.60343 11.682 0.622649
12.8 0.165044 0 8.60532 11.6859 0.623675
12.82 0.16481 0 8.60717 11.6898 0.624738
12.84 0.16458 0 8.60903 11.6938 0.625469
12.86 0.164356 0 8.61083 11.6977 0.626155
12.88 0.164136 0 8.61261 11.7017 0.626752
12.9 0.163922 0 8.61437 11.7057 0.627447
12.92 0.163713 0 8.61607 11.7097 0.628146
12.94 0.163511 0 8.61776 11.7138 0.628994
12.96 0.163316 0 8.61938 11.7177 0.629905
12.98 0.163127 0 8.62096 11.7217 0.63084
13 0.16294 0 8.62253 11.7257 0.631768
13.02 0.162756 0 8.62407 11.7297 0.632766
13.04 0.162577 0 8.62559 11.7336 0.633719
13.06 0.162406 0 8.62707 11.7376 0.634785
13.08 0.16224 0 8.6285 11.7414 0.635868
13.1 0.162081 0 8.62991 11.7453 0.636854
13.12 0.161929 0 8.63125 11.7492 0.637686
13.14 0.161783 0 8.63257 11.753 0.638327
13.16 0.161647 0 8.63384 11.7567 0.638922
13.18 0.161519 0 8.63503 11.7604 0.639516
13.2 0.161398 0 8.63618 11.7641 0.640368
13.22 0.161283 0 8.6373 11.7677 0.641061
13.24 0.161174 0 8.63837 11.7712 0.641691
13.26 0.16107 0 8.63941 11.7748 0.642168
13.28 0.160968 0 8.64043 11.7783 0.642683
13.3 0.160873 0 8.64143 11.7817 0.643133
13.32 0.16079 0 8.64236 11.7851 0.643632
13.34 0.160715 0 8.64322 11.7885 0.644295
13.36 0.160646 0 8.64404 11.7918 0.645139
13.38 0.160584 0 8.64482 11.7951 0.646143
13.4 0.160533 0 8.64554 11.7984 0.647465
13.42 0.16049 0 8.6462 11.8016 0.648688
13.44 0.160453 0 8.64681 11.8047 0.649916
13.46 0.160423 0 8.6474 11.8078 0.651309
13.48 0.160403 0 8.64792 11.8108 0.65301
13.5 0.160389 0 8.64838 11.8137 0.654753
13.52 0.160383 0 8.64882 11.8166 0.656889
13.54 0.160386 0 8.64919 11.8194 0.659045
13.56 0.160396 0 8.64951 11.8222 0.661248
13.58 0.160415 0 8.64979 11.8249 0.663491
13.6 0.160444 0 8.65 11.8276 0.665816
13.62 0.160482 0 8.65015 11.8302 0.668122
13.64 0.160529 0 8.65024 11.8327 0.670167
13.66 0.160584 0 8.65028 11.8351 0.672127
13.68 0.160647 0 8.65027 11.8375 0.673962
13.7 0.160716 0 8.65021 11.8398 0.675905
13.72 0.160793 0 8.65012 11.842 0.677652
13.74 0.160875 0 8.64997 11.8442 0.678941
13.76 0.160963 0 8.6498 11.8463 0.679994
13.78 0.161059 0 8.64958 11.8484 0.6811
13.8 0.16116 0 8.64932 11.8504 0.682584
13.82 0.161271 0 8.64902 11.8523 0.683894
13.84 0.161391 0 8.64865 11.8542 0.685016
13.86 0.161522 0 8.64823 11.856 0.68595
13.88 0.161662 0 8.64773 11.8578 0.686967
13.9 0.161808 0 8.64718 11.8595 0.687877
13.92 0.16196 0 8.6466 11.8612 0.688873
13.94 0.162117 0 8.64598 11.8628 0.689778
13.96 0.162278 0 8.64535 11.8643 0.690797
13.98 0.162442 0 8.64468 11.8658 0.691676
14 0.162612 0 8.644 11.8673 0.692639
14.02 0.16279 0 8.64326 11.8687 0.693523
14.04 0.162974 0 8.64248 11.87 0.693899
14.06 0.163168 0 8.64166 11.8713 0.694688
14.08 0.163374 0 8.64075 11.8725 0.695505
14.1 0.163588 0 8.63979 11.8736 0.696285
14.12 0.163809 0 8.63878 11.8746 0.696886
14.14 0.164038 0 8.63772 11.8756 0.697437
14.16 0.164272 0 8.63662 11.8765 0.698089
14.18 0.164514 0 8.63548 11.8773 0.698851
14.2 0.164759 0 8.6343 11.878 0.699398
14.22 0.165009 0 8.63312 11.8787 0.699448
14.24 0.165264 0 8.63188 11.8793 0.699376
14.26 0.165524 0 8.63062 11.8799 0.699139
14.28 0.165789 0 8.62933 11.8804 0.698493
14.3 0.16606 0 8.62801 11.8808 0.697676
14.32 0.166336 0 8.62664 11.8812 0.696843
14.34 0.166615 0 8.62526 11.8815 0.696165
14.36 0.166899 0 8.62385 11.8818 0.695754
14.38 0.167186 0 8.62241 11.8819 0.695349
14.4 0.167477 0 8.62095 11.8821 0.695281
14.42 0.167771 0 8.61947 11.8821 0.695606
14.44 0.168069 0 8.61798 11.8822 0.696142
14.46 0.16837 0 8.61645 11.8821 0.696777
14.48 0.168674 0 8.61491 11.8821 0.697502
14.5 0.168983 0 8.61335 11.8819 0.698446
14.52 0.169297 0 8.61174 11.8818 0.699542
14.54 0.169615 0 8.61012 11.8815 0.700782
14.56 0.169937 0 8.60847 11.8812 0.701949
14.58 0.170264 0 8.60679 11.8808 0.70305
14.6 0.170596 0 8.60508 11.8804 0.704256
14.62 0.170933 0 8.60334 11.8799 0.705407
14.64 0.171272 0 8.60157 11.8794 0.706486
14.66 0.171613 0 8.5998 11.8789 0.707568
14.68 0.171957 0 8.598 11.8784 0.708426
14.7 0.172303 0 8.5962 11.8778 0.709096
14.72 0.172652 0 8.59438 11.8771 0.709613
14.74 0.173004 0 8.59254 11.8764 0.709939
14.76 0.173358 0 8.59068 11.8756 0.709977
14.78 0.173713 0 8.58882 11.8748 0.709794
14.8 0.17407 0 8.58695 11.874 0.709324
14.82 0.17443 0 8.58506 11.873 0.708714
14.84 0.174791 0 8.58315 11.872 0.707722
14.86 0.175152 0 8.58125 11.871 0.706616
14.88 0.175515 0 8.57934 11.8698 0.705089
14.9 0.175879 0 8.57742 11.8686 0.703469
14.92 0.176246 0 8.5755 11.8674 0.70187
14.94 0.176615 0 8.57355 11.8661 0.70042
14.96 0.176987 0 8.57159 11.8648 0.69868
14.98 0.177364 0 8.5696 11.8635 0.697056
15 0.177742 0 8.56759 11.862 0.695747
15.02 0.178121 0 8.56558 11.8606 0.694593
15.04 0.178501 0 8.56357 11.8591 0.693245
15.06 0.178878 0 8.56155 11.8575 0.692116
15.08 0.179255 0 8.55956 11.856 0.69122
15.1 0.179629 0 8.55757 11.8545 0.690525
15.12 0.180004 0 8.55559 11.8529 0.690025
15.14 0.180383 0 8.55359 11.8513 0.689195
15.16 0.180763 0 8.55158 11.8496 0.688133
15.18 0.181145 0 8.54956 11.8479 0.687351
15.2 0.181527 0 8.54752 11.8462 0.686862
15.22 0.181908 0 8.5455 11.8444 0.686406
15.24 0.182288 0 8.54349 11.8427 0.685952
15.26 0.182666 0 8.54148 11.8409 0.685251
15.28 0.183044 0 8.53948 11.8392 0.684376
15.3 0.183421 0 8.53748 11.8374 0.683056
15.32 0.183798 0 8.53548 11.8355 0.681785
15.34 0.184172 0 8.53351 11.8337 0.680304
15.36 0.184547 0 8.53153 11.8318 0.679042
15.38 0.184922 0 8.52955 11.8298 0.677787
15.4 0.185294 0 8.52758 11.8278 0.676357
15.42 0.185663 0 8.52564 11.8258 0.6749
15.44 0.186031 0 8.5237 11.8237 0.673152
15.46 0.186398 0 8.52177 11.8216 0.671358
15.48 0.186765 0 8.51985 11.8194 0.669666
15.5 0.187132 0 8.51792 11.8172 0.668204
15.52 0.187497 0 8.516 11.8149 0.667026
15.54 0.187861 0 8.5141 11.8126 0.66608
15.56 0.188222 0 8.51221 11.8103 0.665395
15.58 0.188583 0 8.51034 11.8079 0.664646
15.6 0.188945 0 8.50844 11.8054 0.664036
15.62 0.189302 0 8.50656 11.8029 0.663357
15.64 0.189656 0 8.50472 11.8005 0.66257
15.66 0.190009 0 8.50289 11.798 0.661884
15.68 0.190358 0 8.50107 11.7954 0.660931
15.7 0.190702 0 8.49928 11.7929 0.659824
15.72 0.191044 0 8.49753 11.7904 0.658648
15.74 0.191383 0 8.49577 11.7879 0.657246
15.76 0.19172 0 8.49405 11.7854 0.655579
15.78 0.192056 0 8.49232 11.7828 0.654088
15.8 0.192387 0 8.49062 11.7803 0.652821
15.82 0.192716 0 8.48895 11.7777 0.651633
15.84 0.19304 0 8.48728 11.7751 0.650527
15.86 0.193355 0 8.48568 11.7725 0.64965
15.88 0.193666 0 8.48412 11.7699 0.649057
15.9 0.193972 0 8.48257 11.7672 0.648446
15.92 0.194274 0 8.48107 11.7646 0.647786
15.94 0.194575 0 8.47958 11.7619 0.647078
15.96 0.194872 0 8.4781 11.7592 0.646451
15.98 0.195167 0 8.47665 11.7565 0.645916
16 0.195456 0 8.47521 11.7537 0.64561
16.02 0.195738 0 8.47382 11.751 0.645032
16.04 0.196015 0 8.47248 11.7483 0.644317
16.06 0.196287 0 8.47116 11.7456 0.643751
16.08 0.196551 0 8.46988 11.7428 0.643507
16.1 0.196808 0 8.46866 11.7401 0.643488
16.12 0.197059 0 8.46748 11.7374 0.643573
16.14 0.197304 0 8.46633 11.7347 0.643534
16.16 0.197545 0 8.46522 11.7321 0.643544
16.18 0.19778 0 8.46414 11.7295 0.643508
16.2 0.198009 0 8.4631 11.7268 0.643359
16.22 0.198231 0 8.46209 11.7242 0.64301
16.24 0.198445 0 8.46114 11.7216 0.642593
16.26 0.198651 0 8.46025 11.719 0.642485
16.28 0.198851 0 8.45939 11.7164 0.642533
16.3 0.199043 0 8.45858 11.7139 0.642556
16.32 0.19923 0 8.45781 11.7113 0.642183
16.34 0.19941 0 8.45708 11.7088 0.641731
16.36 0.199584 0 8.4564 11.7062 0.641353
16.38 0.199749 0 8.45575 11.7037 0.641048
16.4 0.199906 0 8.45518 11.7011 0.640829
16.42 0.200056 0 8.45463 11.6985 0.640565
16.44 0.200195 0 8.45415 11.696 0.640226
16.46 0.200325 0 8.45374 11.6934 0.639856
16.48 0.20045 0 8.45338 11.6908 0.63934
16.5 0.200568 0 8.45304 11.6882 0.638585
16.52 0.200676 0 8.45276 11.6856 0.637677
16.54 0.200777 0 8.45254 11.6831 0.636614
16.56 0.200867 0 8.45237 11.6806 0.635487
16.58 0.200947 0 8.45228 11.6781 0.63439
16.6 0.201018 0 8.45224 11.6756 0.633358
16.62 0.201083 0 8.45225 11.6731 0.632462
16.64 0.201139 0 8.45231 11.6706 0.631681
16.66 0.201187 0 8.45242 11.6682 0.631102
16.68 0.201228 0 8.45258 11.6657 0.630521
16.7 0.201259 0 8.45279 11.6633 0.629906
16.72 0.201278 0 8.45308 11.6609 0.629195
16.74 0.201284 0 8.45343 11.6586 0.6287
16.76 0.201282 0 8.45388 11.6563 0.628253
16.78 0.20127 0 8.45435 11.654 0.627973
16.8 0.201246 0 8.45492 11.6518 0.627678
16.82 0.201211 0 8.45555 11.6496 0.627294
16.84 0.201167 0 8.45624 11.6474 0.626878
16.86 0.201113 0 8.457 11.6451 0.626546
16.88 0.20105 0 8.45781 11.643 0.626183
16.9 0.200977 0 8.45869 11.6409 0.625715
16.92 0.200892 0 8.45962 11.6389 0.625278
16.94 0.200795 0 8.46065 11.637 0.624933
16.96 0.200686 0 8.46175 11.6351 0.624649
16.98 0.200567 0 8.46292 11.6332 0.624336
17 0.200438 0 8.46414 11.6313 0.624108
17.02 0.200299 0 8.46544 11.6296 0.624005
17.04 0.20015 0 8.46679 11.6278 0.62379
17.06 0.199991 0 8.46822 11.6262 0.62362
17.08 0.199825 0 8.4697 11.6247 0.623503
17.1 0.199649 0 8.47121 11.6232 0.623309
17.12 0.199463 0 8.4728 11.6218 0.623065
17.14 0.199267 0 8.47446 11.6204 0.622865
17.16 0.199062 0 8.47618 11.6191 0.622737
17.18 0.198846 0 8.47794 11.6178 0.622677
17.2 0.198616 0 8.4798 11.6167 0.622614
17.22 0.198376 0 8.48173 11.6156 0.622519
17.24 0.198125 0 8.48372 11.6147 0.622503
17.26 0.197864 0 8.48579 11.6138 0.622578
17.28 0.197593 0 8.4879 11.613 0.622718
17.3 0.197311 0 8.4901 11.6123 0.623147
17.32 0.197018 0 8.49236 11.6117 0.623697
17.34 0.196716 0 8.49468 11.6112 0.624271
17.36 0.196405 0 8.49707 11.6108 0.62466
17.38 0.196087 0 8.49949 11.6105 0.625039
17.4 0.195761 0 8.50197 11.6103 0.625252
17.42 0.195426 0 8.5045 11.6101 0.625453
17.44 0.195082 0 8.50708 11.6101 0.625598
17.46 0.194728 0 8.50972 11.6102 0.625646
17.48 0.194366 0 8.51243 11.6104 0.625869
17.5 0.193995 0 8.51518 11.6106 0.626178
17.52 0.193614 0 8.51799 11.611 0.62624
17.54 0.193225 0 8.52087 11.6114 0.626107
17.56 0.192831 0 8.52377 11.612 0.626103
17.58 0.192429 0 8.52672 11.6126 0.626224
17.6 0.192016 0 8.52973 11.6133 0.626171
17.62 0.191594 0 8.5328 11.6142 0.625981
17.64 0.191163 0 8.53592 11.6152 0.625867
17.66 0.190725 0 8.53911 11.6162 0.625789
17.68 0.19028 0 8.54233 11.6174 0.62581
17.7 0.18983 0 8.54558 11.6186 0.625781
17.72 0.189372 0 8.54887 11.6199 0.625655
17.74 0.188905 0 8.55223 11.6213 0.625456
17.76 0.188434 0 8.55562 11.6229 0.625119
17.78 0.187959 0 8.55903 11.6245 0.625075
17.8 0.187481 0 8.56247 11.6262 0.625525
17.82 0.186998 0 8.56593 11.628 0.626218
17.84 0.186508 0 8.56941 11.6299 0.626718
17.86 0.186014 0 8.57296 11.6319 0.627095
17.88 0.185518 0 8.5765 11.634 0.627409
17.9 0.185018 0 8.58006 11.6362 0.627929
17.92 0.184518 0 8.58365 11.6385 0.628648
17.94 0.184015 0 8.58722 11.6409 0.629598
17.96 0.183507 0 8.59083 11.6433 0.630554
17.98 0.182995 0 8.59446 11.6459 0.631328
18 0.18248 0 8.59812 11.6485 0.632148
18.02 0.181962 0 8.60179 11.6512 0.632969
18.04 0.181446 0 8.60548 11.654 0.633643
18.06 0.180933 0 8.60913 11.6568 0.634302
18.08 0.180419 0 8.61278 11.6598 0.63491
18.1 0.179901 0 8.61644 11.6629 0.635939
18.12 0.179382 0 8.62013 11.666 0.637203
18.14 0.178863 0 8.62381 11.6692 0.638429
18.16 0.178349 0 8.62749 11.6725 0.639856
18.18 0.177838 0 8.63111 11.6757 0.641202
18.2 0.177329 0 8.63474 11.679 0.642461
18.22 0.176825 0 8.63833 11.6823 0.643998
18.24 0.176323 0 8.64191 11.6857 0.645551
18.26 0.175824 0 8.64547 11.689 0.64725
18.28 0.17533 0 8.649 11.6924 0.649078
18.3 0.174839 0 8.6525 11.6958 0.650906
18.32 0.174351 0 8.65599 11.6993 0.652573
18.34 0.173866 0 8.65944 11.7029 0.654399
18.36 0.173382 0 8.66289 11.7065 0.656282
18.38 0.172903 0 8.66634 11.7102 0.6583
18.4 0.172431 0 8.66973 11.7139 0.660158
18.42 0.171966 0 8.67307 11.7176 0.661866
18.44 0.171507 0 8.67638 11.7213 0.663523
18.46 0.171057 0 8.67963 11.7251 0.665038
18.48 0.17061 0 8.68284 11.7289 0.666238
18.5 0.170167 0 8.68603 11.7326 0.667141
18.52 0.16973 0 8.68919 11.7365 0.667805
18.54 0.169301 0 8.69232 11.7404 0.668297
18.56 0.168881 0 8.69538 11.7443 0.66846
18.58 0.168468 0 8.69838 11.7482 0.668663
18.6 0.168062 0 8.70135 11.7521 0.668606
18.62 0.167663 0 8.70426 11.756 0.66819
18.64 0.167271 0 8.70714 11.7599 0.667657
18.66 0.166886 0 8.70997 11.7637 0.667121
18.68 0.166511 0 8.71274 11.7675 0.666507
18.7 0.166145 0 8.71545 11.7713 0.66599
18.72 0.165789 0 8.71811 11.7751 0.665641
18.74 0.165443 0 8.7207 11.7789 0.665649
18.76 0.165105 0 8.72322 11.7828 0.665712
18.78 0.164775 0 8.72571 11.7867 0.666022
18.8 0.164455 0 8.72813 11.7905 0.666507
18.82 0.164145 0 8.73048 11.7943 0.667287
18.84 0.163845 0 8.73277 11.7981 0.66814
18.86 0.163555 0 8.735 11.8019 0.669141
18.88 0.163272 0 8.73718 11.8057 0.67013
18.9 0.162999 0 8.73931 11.8094 0.671256
18.92 0.162738 0 8.74135 11.8131 0.672511
18.94 0.162488 0 8.74334 11.8168 0.673843
18.96 0.16225 0 8.74525 11.8204 0.674935
18.98 0.162025 0 8.74707 11.824 0.675683
19 0.161812 0 8.74881 11.8275 0.676433
19.02 0.161609 0 8.75049 11.8309 0.677228
19.04 0.161417 0 8.7521 11.8344 0.678126
19.06 0.161236 0 8.75365 11.8377 0.678881
19.08 0.161069 0 8.7551 11.8409 0.67989
19.1 0.160915 0 8.75647 11.8441 0.681112
19.12 0.160771 0 8.75778 11.8473 0.682471
19.14 0.160637 0 8.75901 11.8504 0.683953
19.16 0.160515 0 8.76018 11.8535 0.685497
19.18 0.160404 0 8.76128 11.8565 0.687006
19.2 0.160306 0 8.7623 11.8595 0.688431
19.22 0.160219 0 8.76324 11.8624 0.689831
19.24 0.160142 0 8.76413 11.8653 0.691513
19.26 0.160078 0 8.76493 11.8681 0.69334
19.28 0.160027 0 8.76565 11.8709 0.694969
19.3 0.159987 0 8.7663 11.8737 0.69668
19.32 0.159961 0 8.76687 11.8763 0.698387
19.34 0.159947 0 8.76736 11.8789 0.700105
19.36 0.159947 0 8.76776 11.8815 0.701669
19.38 0.159958 0 8.76809 11.8841 0.703145
19.4 0.15998 0 8.76834 11.8866 0.704973
19.42 0.160015 0 8.76852 11.8891 0.706721
19.44 0.160061 0 8.76863 11.8915 0.708396
19.46 0.16012 0 8.76866 11.8938 0.709972
19.48 0.16019 0 8.76862 11.8961 0.711497
19.5 0.160273 0 8.76848 11.8982 0.713208
19.52 0.160367 0 8.7683 11.9003 0.715179
19.54 0.160474 0 8.76802 11.9024 0.717092
19.56 0.160595 0 8.76767 11.9044 0.71856
19.58 0.160726 0 8.76722 11.9063 0.71968
19.6 0.160868 0 8.76673 11.9082 0.720651
19.62 0.161021 0 8.76616 11.91 0.721446
19.64 0.161184 0 8.76553 11.9119 0.72202
19.66 0.161355 0 8.76483 11.9136 0.72222
19.68 0.161535 0 8.7641 11.9154 0.722284
19.7 0.161728 0 8.76328 11.917 0.722246
19.72 0.161931 0 8.76239 11.9186 0.721887
19.74 0.162139 0 8.76146 11.9202 0.721421
19.76 0.162355 0 8.76049 11.9216 0.720493
19.78 0.162582 0 8.75946 11.9229 0.719636
19.8 0.162819 0 8.75837 11.9242 0.718895
19.82 0.16307 0 8.7572 11.9254 0.718454
19.84 0.163332 0 8.75594 11.9265 0.718204
19.86 0.163603 0 8.75462 11.9275 0.717976
19.88 0.163883 0 8.75326 11.9285 0.718139
19.9 0.164176 0 8.75182 11.9294 0.71859
19.92 0.164479 0 8.75031 11.9302 0.719057
19.94 0.164791 0 8.74873 11.931 0.719525
19.96 0.165111 0 8.74712 11.9317 0.719893
19.98 0.165441 0 8.74544 11.9323 0.720176
20 0.165778 0 8.7437 11.9328 0.720532
20.02 0.166122 0 8.74193 11.9333 0.720872
20.04 0.166475 0 8.74011 11.9337 0.721054
20.06 0.16684 0 8.73821 11.9341 0.720832
20.08 0.167215 0 8.73626 11.9344 0.720268
20.1 0.167599 0 8.73423 11.9346 0.719527
20.12 0.167989 0 8.73217 11.9347 0.718561
20.14 0.168385 0 8.73006 11.9348 0.717692
20.16 0.168787 0 8.72792 11.9348 0.716784
20.18 0.169198 0 8.72575 11.9348 0.71607
20.2 0.169617 0 8.7235 11.9347 0.715584
20.22 0.170041 0 8.72122 11.9345 0.715377
20.24 0.170472 0 8.71891 11.9342 0.715074
20.26 0.170908 0 8.71655 11.9339 0.714578
20.28 0.17135 0 8.71418 11.9335 0.714124
20.3 0.171801 0 8.71174 11.9331 0.713665
20.32 0.17226 0 8.70925 11.9326 0.713432
20.34 0.172724 0 8.70673 11.9319 0.713146
20.36 0.173196 0 8.70417 11.9313 0.712802
20.38 0.173677 0 8.70155 11.9305 0.712763
20.4 0.174163 0 8.69888 11.9297 0.712915
20.42 0.174655 0 8.69619 11.9289 0.713229
20.44 0.175152 0 8.69346 11.928 0.713608
20.46 0.175654 0 8.6907 11.927 0.714083
20.48 0.176161 0 8.68791 11.9259 0.714481
20.5 0.176672 0 8.68509 11.9248 0.714784
20.52 0.177188 0 8.68225 11.9236 0.715267
20.54 0.177706 0 8.67938 11.9223 0.715757
20.56 0.178228 0 8.6765 11.921 0.716706
20.58 0.178751 0 8.67359 11.9196 0.717621
20.6 0.179276 0 8.6707 11.9182 0.71841
20.62 0.179802 0 8.66778 11.9167 0.719089
20.64 0.180327 0 8.66485 11.9152 0.719983
20.66 0.180854 0 8.66195 11.9136 0.720907
20.68 0.181384 0 8.65901 11.912 0.721354
20.7 0.181916 0 8.65607 11.9104 0.72166
20.72 0.182449 0 8.65312 11.9087 0.721714
20.74 0.182988 0 8.65014 11.907 0.721599
20.76 0.183528 0 8.64714 11.9053 0.721219
20.78 0.184067 0 8.64414 11.9035 0.72064
20.8 0.184604 0 8.64116 11.9016 0.71971
20.82 0.185141 0 8.63818 11.8998 0.718746
20.84 0.185678 0 8.63521 11.8979 0.71788
20.86 0.186214 0 8.63223 11.896 0.717061
20.88 0.186748 0 8.62927 11.894 0.716211
20.9 0.18728 0 8.62633 11.8921 0.715449
20.92 0.187811 0 8.62338 11.8901 0.714614
20.94 0.188342 0 8.62046 11.888 0.713806
20.96 0.188872 0 8.61752 11.8859 0.713167
20.98 0.189399 0 8.6146 11.8837 0.712853
21 0.189922 0 8.61171 11.8816 0.712456
21.02 0.19044 0 8.60885 11.8794 0.712169
21.04 0.190955 0 8.60601 11.8772 0.712013
21.06 0.19147 0 8.60318 11.875 0.71175
21.08 0.19198 0 8.60037 11.8728 0.711896
21.1 0.192484 0 8.59759 11.8705 0.712209
21.12 0.19298 0 8.59486 11.8682 0.712325
21.14 0.193473 0 8.59218 11.8659 0.71253
21.16 0.193962 0 8.58949 11.8635 0.712484
21.18 0.194445 0 8.58686 11.8611 0.712174
21.2 0.194922 0 8.58425 11.8588 0.711559
21.22 0.195391 0 8.5817 11.8564 0.71098
21.24 0.195855 0 8.57919 11.8541 0.710479
21.26 0.196315 0 8.5767 11.8517 0.709906
21.28 0.196774 0 8.57424 11.8493 0.709246
21.3 0.19723 0 8.57178 11.8469 0.708432
21.32 0.197678 0 8.56935 11.8445 0.707193
21.34 0.19812 0 8.56698 11.842 0.705839
21.36 0.198555 0 8.56465 11.8395 0.704443
21.38 0.198986 0 8.56235 11.837 0.703214
21.4 0.19941 0 8.56009 11.8345 0.702012
21.42 0.199826 0 8.55787 11.832 0.70094
21.44 0.200234 0 8.55572 11.8296 0.699813
21.46 0.200636 0 8.5536 11.8271 0.69848
21.48 0.201028 0 8.55152 11.8245 0.69705
21.5 0.201408 0 8.54953 11.822 0.69568
21.52 0.201778 0 8.54761 11.8195 0.694115
21.54 0.202139 0 8.54574 11.817 0.692273
21.56 0.202494 0 8.54393 11.8146 0.690395
21.58 0.202845 0 8.54215 11.8121 0.68861
21.6 0.20319 0 8.54039 11.8096 0.687071
21.62 0.203526 0 8.53868 11.8071 0.685832
21.64 0.203854 0 8.53703 11.8045 0.684716
21.66 0.204176 0 8.53542 11.8021 0.683521
21.68 0.204491 0 8.53386 11.7996 0.681862
21.7 0.204797 0 8.53234 11.7971 0.68007
21.72 0.205092 0 8.53089 11.7946 0.678399
21.74 0.205377 0 8.52951 11.7921 0.676697
21.76 0.205653 0 8.52819 11.7896 0.674717
21.78 0.20592 0 8.52692 11.7871 0.672562
21.8 0.206177 0 8.52571 11.7846 0.670359
21.82 0.206428 0 8.52456 11.7822 0.668607
21.84 0.206672 0 8.52345 11.7797 0.667246
21.86 0.206906 0 8.52238 11.7773 0.665888
21.88 0.207131 0 8.52139 11.7749 0.664567
21.9 0.207348 0 8.52044 11.7726 0.66326
21.92 0.207557 0 8.51954 11.7702 0.661834
21.94 0.207757 0 8.5187 11.7679 0.660183
21.96 0.207946 0 8.51792 11.7655 0.658448
21.98 0.208124 0 8.51723 11.7632 0.656716
22 0.208294 0 8.51657 11.7608 0.654806
22.02 0.208454 0 8.51599 11.7585 0.652751
22.04 0.208607 0 8.51545 11.7562 0.650883
22.06 0.208752 0 8.51497 11.754 0.64913
22.08 0.20889 0 8.51452 11.7518 0.647481
22.1 0.209018 0 8.51413 11.7496 0.64579
22.12 0.209135 0 8.51381 11.7475 0.644205
22.14 0.209239 0 8.51356 11.7454 0.643082
22.16 0.209332 0 8.5134 11.7433 0.642101
22.18 0.209417 0 8.51329 11.7413 0.641222
22.2 0.209494 0 8.51323 11.7393 0.640506
22.22 0.209561 0 8.51323 11.7373 0.639791
22.24 0.209617 0 8.5133 11.7354 0.638863
22.26 0.209666 0 8.51342 11.7335 0.637887
22.28 0.209707 0 8.51359 11.7316 0.63688
22.3 0.209739 0 8.51381 11.7297 0.635655
22.32 0.209759 0 8.5141 11.728 0.634228
22.34 0.209769 0 8.51445 11.7262 0.633045
22.36 0.209768 0 8.51489 11.7245 0.631989
22.38 0.209761 0 8.51537 11.7229 0.630993
22.4 0.209748 0 8.51588 11.7213 0.630139
22.42 0.209725 0 8.51644 11.7198 0.630078
22.44 0.209691 0 8.51708 11.7182 0.630189
22.46 0.209649 0 8.51777 11.7167 0.630241
22.48 0.209597 0 8.51852 11.7153 0.630326
22.5 0.209532 0 8.51933 11.7139 0.630504
22.52 0.209456 0 8.52024 11.7125 0.630891
22.54 0.209374 0 8.5212 11.7112 0.631089
22.56 0.209289 0 8.52217 11.71 0.631186
22.58 0.209196 0 8.52318 11.7087 0.630976
22.6 0.209095 0 8.52424 11.7075 0.630453
22.62 0.208984 0 8.52536 11.7064 0.629986
22.64 0.208864 0 8.52654 11.7053 0.629564
22.66 0.208733 0 8.52778 11.7043 0.629193
22.68 0.208592 0 8.5291 11.7033 0.628862
22.7 0.208446 0 8.53046 11.7024 0.628783
22.72 0.208296 0 8.53184 11.7014 0.629233
22.74 0.20814 0 8.53326 11.7006 0.629866
22.76 0.207977 0 8.53471 11.6998 0.630543
22.78 0.207806 0 8.53622 11.699 0.631326
22.8 0.207629 0 8.53776 11.6983 0.632019
22.82 0.207442 0 8.53935 11.6977 0.632693
22.84 0.207246 0 8.54102 11.6971 0.633205
22.86 0.207044 0 8.54272 11.6965 0.633894
22.88 0.206835 0 8.54446 11.696 0.634568
22.9 0.206621 0 8.54625 11.6955 0.635219
22.92 0.206402 0 8.54806 11.695 0.635662
22.94 0.206174 0 8.54991 11.6947 0.636049
22.96 0.205938 0 8.55183 11.6944 0.636426
22.98 0.205696 0 8.55378 11.6942 0.636688
23 0.205449 0 8.55578 11.6941 0.63706
23.02 0.2052 0 8.55779 11.6941 0.637356
23.04 0.204946 0 8.55981 11.694 0.637355
23.06 0.204684 0 8.56189 11.694 0.637057
23.08 0.204416 0 8.564 11.694 0.636581
23.1 0.204138 0 8.56617 11.6941 0.636239
23.12 0.203856 0 8.56838 11.6943 0.635858
23.14 0.203573 0 8.57061 11.6945 0.635601
23.16 0.203288 0 8.57285 11.6947 0.63556
23.18 0.203 0 8.5751 11.695 0.635582
23.2 0.20271 0 8.57736 11.6953 0.635495
23.22 0.202414 0 8.57965 11.6957 0.635257
23.24 0.202116 0 8.58197 11.6962 0.635205
23.26 0.201817 0 8.58429 11.6967 0.635269
23.28 0.201514 0 8.58662 11.6973 0.63546
23.3 0.201208 0 8.58899 11.6979 0.635867
23.32 0.200901 0 8.59136 11.6985 0.636207
23.34 0.200587 0 8.59376 11.6992 0.636348
23.36 0.20027 0 8.59619 11.6999 0.636444
23.38 0.199951 0 8.59864 11.7007 0.636328
23.4 0.199628 0 8.60109 11.7015 0.636339
23.42 0.199302 0 8.60359 11.7025 0.636467
23.44 0.198972 0 8.60609 11.7034 0.636608
23.46 0.198641 0 8.60862 11.7045 0.636699
23.48 0.198308 0 8.61114 11.7056 0.636979
23.5 0.197973 0 8.61369 11.7067 0.637309
23.52 0.197634 0 8.61625 11.7079 0.637591
23.54 0.197293 0 8.61883 11.7091 0.637986
23.56 0.196952 0 8.62142 11.7103 0.638377
23.58 0.196613 0 8.624 11.7116 0.639034
23.6 0.196273 0 8.62658 11.7129 0.639658
23.62 0.195931 0 8.62915 11.7142 0.640048
23.64 0.195588 0 8.63175 11.7156 0.640365
23.66 0.195245 0 8.63434 11.7171 0.640677
23.68 0.194901 0 8.63695 11.7186 0.64108
23.7 0.194555 0 8.63955 11.7201 0.641662
23.72 0.194208 0 8.64217 11.7217 0.642348
23.74 0.193859 0 8.6448 11.7233 0.643198
23.76 0.193509 0 8.64744 11.725 0.643844
23.78 0.193158 0 8.65007 11.7267 0.644606
23.8 0.192809 0 8.65272 11.7284 0.64513
23.82 0.192464 0 8.65534 11.7301 0.645888
23.84 0.192122 0 8.65792 11.7317 0.646844
23.86 0.191781 0 8.66052 11.7334 0.647847
23.88 0.191443 0 8.66307 11.7352 0.649062
23.9 0.191104 0 8.66564 11.7369 0.65042
23.92 0.190763 0 8.6682 11.7387 0.651759
23.94 0.190419 0 8.6708 11.7406 0.652999
23.96 0.190074 0 8.67339 11.7424 0.654448
23.98 0.189729 0 8.676 11.7444 0.65597
24 0.189387 0 8.67858 11.7462 0.657028
24.02 0.189046 0 8.68116 11.7481 0.657799
24.04 0.188707 0 8.68373 11.75 0.658489
24.06 0.188369 0 8.68628 11.7519 0.659224
24.08 0.188029 0 8.68884 11.7539 0.659695
24.1 0.187693 0 8.69141 11.7559 0.660026
24.12 0.18736 0 8.69393 11.7579 0.66032
24.14 0.187031 0 8.69644 11.7599 0.660296
24.16 0.186701 0 8.69893 11.762 0.659988
24.18 0.186372 0 8.70144 11.7641 0.659618
24.2 0.186044 0 8.70393 11.7662 0.659076
24.22 0.185719 0 8.7064 11.7683 0.658507
24.24 0.185393 0 8.70887 11.7704 0.658115
24.26 0.185068 0 8.71134 11.7726 0.657732
24.28 0.184745 0 8.71381 11.7748 0.657655
24.3 0.184427 0 8.71624 11.7771 0.657825
24.32 0.184112 0 8.71866 11.7794 0.658301
24.34 0.183804 0 8.72105 11.7817 0.658649
24.36 0.183502 0 8.72338 11.7841 0.659062
24.38 0.183204 0 8.72568 11.7865 0.659696
24.4 0.182909 0 8.72797 11.789 0.660586
24.42 0.182617 0 8.73022 11.7914 0.661705
24.44 0.182324 0 8.73248 11.7939 0.662546
24.46 0.182032 0 8.73474 11.7964 0.663297
24.48 0.181745 0 8.73698 11.7989 0.66403
24.5 0.181462 0 8.73919 11.8014 0.664996
24.52 0.181183 0 8.74137 11.8038 0.665861
24.54 0.180911 0 8.74353 11.8063 0.666612
24.56 0.180648 0 8.74563 11.8088 0.66734
24.58 0.180393 0 8.74766 11.8112 0.668217
24.6 0.180139 0 8.74967 11.8137 0.669277
24.62 0.179888 0 8.75167 11.8162 0.670563
24.64 0.179643 0 8.75365 11.8187 0.672025
24.66 0.179408 0 8.75557 11.8212 0.673626
24.68 0.17918 0 8.75743 11.8237 0.675093
24.7 0.178955 0 8.75926 11.8263 0.676406
24.72 0.178736 0 8.76108 11.8288 0.677559
24.74 0.178521 0 8.76284 11.8314 0.678693
24.76 0.17831 0 8.76459 11.834 0.679631
24.78 0.178102 0 8.76632 11.8366 0.680501
24.8 0.177896 0 8.76803 11.8392 0.681644
24.82 0.177698 0 8.76972 11.8418 0.683174
24.84 0.177508 0 8.77134 11.8444 0.684888
24.86 0.177325 0 8.77293 11.8471 0.686676
24.88 0.177152 0 8.77445 11.8497 0.688518
24.9 0.176987 0 8.77592 11.8523 0.690575
24.92 0.176831 0 8.77733 11.8549 0.692626
24.94 0.176682 0 8.77869 11.8575 0.694249
24.96 0.176539 0 8.78001 11.86 0.695893
24.98 0.176402 0 8.7813 11.8625 0.697619
25 0.176271 0 8.78254 11.865 0.699352
25.02 0.176142 0 8.78376 11.8675 0.700789
25.04 0.176019 0 8.78496 11.87 0.702094
25.06 0.175904 0 8.78612 11.8725 0.703645
25.08 0.175797 0 8.78721 11.875 0.705309
25.1 0.175697 0 8.78826 11.8775 0.707199
25.12 0.175603 0 8.78927 11.88 0.70899
25.14 0.175513 0 8.79025 11.8824 0.710617
25.16 0.175427 0 8.79121 11.8848 0.71193
25.18 0.175349 0 8.79213 11.8872 0.713151
25.2 0.175277 0 8.793 11.8895 0.714455
25.22 0.175214 0 8.79382 11.8918 0.715775
25.24 0.175162 0 8.79459 11.894 0.717261
25.26 0.175117 0 8.79528 11.8961 0.718473
25.28 0.175076 0 8.79595 11.8982 0.719429
25.3 0.175042 0 8.79659 11.9003 0.719544
25.32 0.175017 0 8.79717 11.9023 0.71948
25.34 0.174998 0 8.79771 11.9044 0.719488
25.36 0.174985 0 8.79821 11.9064 0.719608
25.38 0.174979 0 8.79867 11.9084 0.719612
25.4 0.174981 0 8.79908 11.9103 0.719986
25.42 0.174994 0 8.79943 11.9123 0.720542
25.44 0.175014 0 8.79972 11.9143 0.721239
25.46 0.175039 0 8.79997 11.9162 0.721932
25.48 0.175071 0 8.80019 11.918 0.722347
25.5 0.175111 0 8.80036 11.9198 0.722917
25.52 0.175158 0 8.80049 11.9214 0.723807
25.54 0.175211 0 8.80056 11.923 0.724679
25.56 0.175268 0 8.80061 11.9246 0.725506
25.58 0.17533 0 8.80064 11.9261 0.726401
25.6 0.175402 0 8.80062 11.9276 0.727493
25.62 0.175485 0 8.80052 11.9289 0.728753
25.64 0.175573 0 8.80038 11.9302 0.729753
25.66 0.175671 0 8.8002 11.9315 0.730705
25.68 0.175781 0 8.79994 11.9327 0.731344
25.7 0.175901 0 8.7996 11.9339 0.732163
25.72 0.176032 0 8.79922 11.935 0.733169
25.74 0.176175 0 8.79875 11.936 0.734555
25.76 0.176327 0 8.79821 11.937 0.73577
25.78 0.176482 0 8.79763 11.9378 0.736588
25.8 0.176641 0 8.79704 11.9387 0.737356
25.82 0.176806 0 8.79642 11.9395 0.737971
25.84 0.176976 0 8.79576 11.9403 0.738522
25.86 0.177152 0 8.79507 11.9409 0.738553
25.88 0.177337 0 8.79434 11.9416 0.738717
25.9 0.177533 0 8.79353 11.9421 0.739156
25.92 0.177739 0 8.79266 11.9426 0.739821
25.94 0.177954 0 8.79173 11.943 0.740443
25.96 0.178178 0 8.79075 11.9434 0.740753
25.98 0.17841 0 8.78971 11.9437 0.740678
26 0.178651 0 8.78862 11.944 0.740482
26.02 0.178902 0 8.78747 11.9442 0.740197
26.04 0.17916 0 8.78626 11.9444 0.739864
26.06 0.179425 0 8.78501 11.9445 0.739733
26.08 0.179696 0 8.78372 11.9445 0.739816
26.1 0.179976 0 8.7824 11.9444 0.740064
26.12 0.180265 0 8.78099 11.9443 0.740027
26.14 0.180562 0 8.77955 11.9441 0.740026
26.16 0.180869 0 8.77804 11.9439 0.740066
26.18 0.181187 0 8.77648 11.9436 0.73995
26.2 0.181514 0 8.77484 11.9432 0.739694
26.22 0.18185 0 8.77316 11.9428 0.73959
26.24 0.182194 0 8.77142 11.9423 0.7398
26.26 0.182543 0 8.76963 11.9417 0.740227
26.28 0.182898 0 8.76782 11.9411 0.740722
26.3 0.183262 0 8.76597 11.9405 0.74138
26.32 0.183635 0 8.76404 11.9398 0.742486
26.34 0.18402 0 8.76207 11.9391 0.743493
26.36 0.184415 0 8.76 11.9384 0.744577
26.38 0.184815 0 8.75791 11.9376 0.745779
26.4 0.185224 0 8.75576 11.9368 0.746909
26.42 0.185639 0 8.75357 11.9359 0.74789
26.44 0.186063 0 8.75134 11.935 0.748752
26.46 0.186496 0 8.74905 11.934 0.749559
26.48 0.186934 0 8.74669 11.933 0.750339
26.5 0.187376 0 8.74434 11.932 0.751001
26.52 0.187822 0 8.74195 11.931 0.751369
26.54 0.188274 0 8.73954 11.93 0.75132
26.56 0.188732 0 8.73707 11.9288 0.750842
26.58 0.189196 0 8.73458 11.9277 0.750352
26.6 0.189667 0 8.73204 11.9264 0.749734
26.62 0.190144 0 8.72948 11.9251 0.749722
26.64 0.190629 0 8.72686 11.9238 0.749525
26.66 0.191122 0 8.72419 11.9223 0.749068
26.68 0.191622 0 8.72148 11.9208 0.748499
26.7 0.192128 0 8.71872 11.9193 0.747994
26.72 0.192634 0 8.71594 11.9177 0.747583
26.74 0.193145 0 8.71317 11.9162 0.747371
26.76 0.193659 0 8.71035 11.9146 0.747174
26.78 0.194175 0 8.70753 11.9129 0.747097
26.8 0.194695 0 8.70468 11.9112 0.746786
26.82 0.195217 0 8.70182 11.9095 0.746524
26.84 0.195741 0 8.69894 11.9078 0.746353
26.86 0.196266 0 8.69606 11.9061 0.746067
26.88 0.196797 0 8.69317 11.9043 0.745489
26.9 0.197334 0 8.69023 11.9024 0.744593
26.92 0.197874 0 8.68726 11.9006 0.743727
26.94 0.198417 0 8.68427 11.8987 0.742815
26.96 0.198962 0 8.68128 11.8968 0.741856
26.98 0.199507 0 8.67827 11.8948 0.740563
27 0.200051 0 8.67527 11.8929 0.739089
27.02 0.200596 0 8.67227 11.8909 0.737179
27.04 0.201145 0 8.66927 11.889 0.73542
27.06 0.201697 0 8.66622 11.8869 0.733581
27.08 0.202251 0 8.66318 11.8848 0.731831
27.1 0.202801 0 8.66012 11.8826 0.730569
27.12 0.203349 0 8.65712 11.8804 0.729466
27.14 0.203898 0 8.6541 11.8781 0.728428
27.16 0.204445 0 8.65108 11.8758 0.727779
27.18 0.204992 0 8.64808 11.8734 0.727151
27.2 0.205535 0 8.64508 11.871 0.726291
27.22 0.206077 0 8.64213 11.8687 0.725324
27.24 0.206622 0 8.63914 11.8663 0.723871
27.26 0.207163 0 8.63615 11.8639 0.721991
27.28 0.2077 0 8.63321 11.8615 0.720369
27.3 0.208233 0 8.63029 11.8591 0.718745
27.32 0.208763 0 8.6274 11.8568 0.717047
27.34 0.209291 0 8.62451 11.8544 0.715409
27.36 0.209815 0 8.62165 11.852 0.713845
27.38 0.210336 0 8.61881 11.8496 0.712354
27.4 0.210852 0 8.616 11.8472 0.71125
27.42 0.211362 0 8.61323 11.8448 0.710553
27.44 0.211868 0 8.61048 11.8424 0.71028
27.46 0.21237 0 8.60778 11.8401 0.710208
27.48 0.212868 0 8.60508 11.8377 0.709948
27.5 0.213358 0 8.60243 11.8352 0.709934
27.52 0.213842 0 8.59983 11.8328 0.709734
27.54 0.21432 0 8.59726 11.8304 0.709245
27.56 0.214788 0 8.59475 11.8279 0.708535
27.58 0.21525 0 8.59229 11.8256 0.707777
27.6 0.215705 0 8.58987 11.8232 0.70674
27.62 0.216153 0 8.58749 11.8209 0.705421
27.64 0.216593 0 8.58517 11.8186 0.703911
27.66 0.21702 0 8.58291 11.8162 0.70242
27.68 0.217438 0 8.58074 11.814 0.701021
27.7 0.217848 0 8.57859 11.8117 0.699592
27.72 0.218248 0 8.57652 11.8095 0.69853
27.74 0.218637 0 8.57451 11.8072 0.697446
27.76 0.219018 0 8.57257 11.805 0.696276
27.78 0.219387 0 8.57068 11.8028 0.69517
27.8 0.219744 0 8.56888 11.8006 0.694304
27.82 0.220087 0 8.56715 11.7985 0.694008
27.84 0.220415 0 8.56552 11.7963 0.693844
27.86 0.22073 0 8.56398 11.7942 0.69392
27.88 0.22103 0 8.56253 11.7921 0.69413
27.9 0.221318 0 8.56117 11.79 0.694211
27.92 0.221595 0 8.55988 11.7879 0.694299
27.94 0.22186 0 8.55865 11.7858 0.694392
27.96 0.222112 0 8.55752 11.7838 0.694409
27.98 0.222352 0 8.55646 11.7818 0.694184
28 0.222578 0 8.55548 11.7798 0.693702
28.02 0.222791 0 8.5546 11.778 0.69328
28.04 0.222991 0 8.55379 11.7761 0.692837
28.06 0.223175 0 8.55306 11.7743 0.692335
28.08 0.223343 0 8.55245 11.7725 0.691973
28.1 0.223496 0 8.55193 11.7708 0.6911
28.12 0.223632 0 8.55151 11.7691 0.689946
28.14 0.223751 0 8.55121 11.7675 0.688624
28.16 0.223852 0 8.55101 11.7658 0.687651
28.18 0.223938 0 8.55092 11.7642 0.686704
28.2 0.224007 0 8.55093 11.7627 0.685676
28.22 0.224059 0 8.55104 11.7612 0.684836
28.24 0.224095 0 8.55127 11.7598 0.684017
28.26 0.224117 0 8.55158 11.7584 0.683223
28.28 0.224123 0 8.55199 11.7571 0.682592
28.3 0.224111 0 8.5525 11.7559 0.68187
28.32 0.224079 0 8.55313 11.7547 0.681268
28.34 0.224029 0 8.5539 11.7537 0.6807
28.36 0.223964 0 8.55476 11.7527 0.680501
28.38 0.223881 0 8.55572 11.7517 0.680265
28.4 0.223784 0 8.55679 11.7509 0.679477
28.42 0.223673 0 8.55794 11.7501 0.678497
28.44 0.223545 0 8.55918 11.7493 0.677345
28.46 0.2234 0 8.56054 11.7487 0.676236
28.48 0.223238 0 8.562 11.7481 0.675264
28.5 0.223061 0 8.56357 11.7475 0.67416
28.52 0.222868 0 8.56522 11.7471 0.673085
28.54 0.22266 0 8.56699 11.7468 0.672026
28.56 0.222438 0 8.56883 11.7465 0.670732
28.58 0.222201 0 8.57078 11.7464 0.669334
28.6 0.221948 0 8.57281 11.7463 0.668112
28.62 0.221679 0 8.57495 11.7464 0.667171
28.64 0.221395 0 8.57718 11.7466 0.667836
28.66 0.221095 0 8.57951 11.7468 0.669098
28.68 0.220778 0 8.58194 11.7472 0.67024
28.7 0.220449 0 8.58448 11.7476 0.671339
28.72 0.220108 0 8.58708 11.7481 0.672332
28.74 0.219756 0 8.58975 11.7486 0.672839
28.76 0.219394 0 8.59248 11.7491 0.672923
28.78 0.21902 0 8.59529 11.7496 0.672915
28.8 0.218633 0 8.59817 11.7502 0.672831
28.82 0.218231 0 8.60113 11.7509 0.672534
28.84 0.217815 0 8.60419 11.7516 0.672172
28.86 0.217388 0 8.60733 11.7524 0.671633
28.88 0.21695 0 8.61054 11.7533 0.672423
28.9 0.216503 0 8.6138 11.7544 0.673212
28.92 0.216042 0 8.61714 11.7554 0.674147
28.94 0.215569 0 8.62057 11.7566 0.674922
28.96 0.215086 0 8.62405 11.7579 0.675727
28.98 0.214596 0 8.62759 11.7593 0.676176
29 0.214099 0 8.63117 11.7607 0.676223
29.02 0.213596 0 8.6348 11.7621 0.676172
29.04 0.213088 0 8.63845 11.7636 0.676141
29.06 0.212571 0 8.64215 11.7653 0.676105
29.08 0.212048 0 8.64589 11.7669 0.676138
29.1 0.211512 0 8.64969 11.7686 0.676051
29.12 0.210967 0 8.65357 11.7704 0.675892
29.14 0.210413 0 8.65749 11.7722 0.675743
29.16 0.20985 0 8.66148 11.7741 0.675515
29.18 0.209281 0 8.66551 11.7761 0.675257
29.2 0.208707 0 8.66957 11.7781 0.675052
29.22 0.208131 0 8.67366 11.7801 0.675031
29.24 0.207556 0 8.67775 11.7822 0.675406
29.26 0.206981 0 8.68182 11.7843 0.675774
29.28 0.206402 0 8.6859 11.7864 0.67605
29.3 0.205816 0 8.69002 11.7887 0.676477
29.32 0.205226 0 8.69418 11.791 0.677093
29.34 0.204632 0 8.69837 11.7934 0.67795
29.36 0.204037 0 8.70257 11.7958 0.6787
29.38 0.203444 0 8.70676 11.7983 0.679628
29.4 0.202849 0 8.71094 11.8008 0.680473
29.42 0.202251 0 8.71515 11.8033 0.681277
29.44 0.201654 0 8.71936 11.8059 0.682209
29.46 0.201058 0 8.72356 11.8084 0.683198
29.48 0.20046 0 8.72776 11.811 0.684212
29.5 0.199862 0 8.73197 11.8137 0.685326
29.52 0.199267 0 8.73617 11.8163 0.686262
29.54 0.198671 0 8.74036 11.819 0.687098
29.56 0.198072 0 8.74455 11.8217 0.687815
29.58 0.197473 0 8.74877 11.8244 0.688443
29.6 0.196877 0 8.75298 11.8272 0.688935
29.62 0.196285 0 8.75715 11.83 0.689523
29.64 0.195696 0 8.7613 11.8329 0.690237
29.66 0.195112 0 8.76544 11.8357 0.690878
29.68 0.194535 0 8.76953 11.8385 0.691211
29.7 0.193964 0 8.77357 11.8414 0.691562
29.72 0.193398 0 8.77758 11.8442 0.692059
29.74 0.192837 0 8.78155 11.8471 0.692579
29.76 0.192279 0 8.78551 11.85 0.693174
29.78 0.191727 0 8.78944 11.8529 0.693298
29.8 0.191177 0 8.79332 11.8557 0.693497
29.82 0.190633 0 8.79721 11.8587 0.693633
29.84 0.190096 0 8.80103 11.8616 0.693753
29.86 0.189563 0 8.80482 11.8644 0.694159
29.88 0.189031 0 8.80859 11.8673 0.694804
29.9 0.188505 0 8.81236 11.8702 0.695702
29.92 0.187991 0 8.81606 11.8731 0.696591
29.94 0.187485 0 8.81967 11.876 0.697179
29.96 0.186983 0 8.82327 11.8789 0.69758
29.98 0.186488 0 8.82684 11.8819 0.698124
30 0.186 0 8.83035 11.8849 0.698461
30.02 0.18552 0 8.83382 11.8878 0.699088
30.04 0.185046 0 8.83723 11.8908 0.699895
30.06 0.18458 0 8.84061 11.8938 0.700933
30.08 0.184121 0 8.84394 11.8967 0.701881
30.1 0.183669 0 8.84722 11.8997 0.702813
30.12 0.183224 0 8.85046 11.9027 0.703581
30.14 0.182787 0 8.85366 11.9056 0.70417
30.16 0.182358 0 8.8568 11.9086 0.704919
30.18 0.181938 0 8.85988 11.9115 0.705539
30.2 0.181525 0 8.86292 11.9144 0.706308
30.22 0.181121 0 8.8659 11.9173 0.707183
30.24 0.180726 0 8.86883 11.9202 0.708388
30.26 0.180338 0 8.87169 11.923 0.709631
30.28 0.179958 0 8.87454 11.9259 0.710687
30.3 0.179589 0 8.8773 11.9287 0.711664
